WRITE	4kb.txt.0	6.50191307067871
WRITE	4kb.txt.1	6.01100921630859
WRITE	4kb.txt.2	5.98406791687012
WRITE	4kb.txt.3	5.91921806335449
WRITE	4kb.txt.4	5.96213340759277
WRITE	4kb.txt.5	5.90705871582031
WRITE	4kb.txt.6	5.93185424804688
WRITE	4kb.txt.7	5.94401359558105
WRITE	4kb.txt.8	5.94782829284668
WRITE	4kb.txt.9	5.94806671142578
WRITE	4kb.txt.10	5.96380233764648
WRITE	4kb.txt.11	5.93900680541992
WRITE	4kb.txt.12	5.9359073638916
WRITE	4kb.txt.13	5.95998764038086
WRITE	4kb.txt.14	6.12711906433105
WRITE	4kb.txt.15	5.92398643493652
WRITE	4kb.txt.16	5.98907470703125
WRITE	4kb.txt.17	5.93900680541992
WRITE	4kb.txt.18	6.00409507751465
WRITE	4kb.txt.19	6.07800483703613
WRITE	4kb.txt.20	6.04104995727539
WRITE	4kb.txt.21	5.93805313110352
WRITE	4kb.txt.22	6.00504875183105
WRITE	4kb.txt.23	5.91588020324707
WRITE	4kb.txt.24	5.90705871582031
WRITE	4kb.txt.25	5.93209266662598
WRITE	4kb.txt.26	6.04891777038574
WRITE	4kb.txt.27	5.9359073638916
WRITE	4kb.txt.28	6.04104995727539
WRITE	4kb.txt.29	5.9809684753418
WRITE	4kb.txt.30	5.95998764038086
WRITE	4kb.txt.31	5.91301918029785
WRITE	4kb.txt.32	5.93900680541992
WRITE	4kb.txt.33	5.97310066223145
WRITE	4kb.txt.34	5.98883628845215
WRITE	4kb.txt.35	5.93400001525879
WRITE	4kb.txt.36	6.09898567199707
WRITE	4kb.txt.37	5.95498085021973
WRITE	4kb.txt.38	5.9969425201416
WRITE	4kb.txt.39	5.91206550598145
WRITE	4kb.txt.40	5.95283508300781
WRITE	4kb.txt.41	5.9211254119873
WRITE	4kb.txt.42	6.05320930480957
WRITE	4kb.txt.43	5.90300559997559
WRITE	4kb.txt.44	5.95688819885254
WRITE	4kb.txt.45	5.96094131469727
WRITE	4kb.txt.46	5.99098205566406
WRITE	4kb.txt.47	5.96284866333008
WRITE	4kb.txt.48	5.95498085021973
WRITE	4kb.txt.49	5.91492652893066
WRITE	4kb.txt.50	5.95402717590332
WRITE	4kb.txt.51	5.93900680541992
WRITE	4kb.txt.52	5.9208869934082
WRITE	4kb.txt.53	5.91897964477539
WRITE	4kb.txt.54	5.94997406005859
WRITE	4kb.txt.55	5.87010383605957
WRITE	4kb.txt.56	5.94806671142578
WRITE	4kb.txt.57	6.15191459655762
WRITE	4kb.txt.58	6.54792785644531
WRITE	4kb.txt.59	6.05106353759766
WRITE	4kb.txt.60	7.05480575561523
WRITE	4kb.txt.61	6.05607032775879
WRITE	4kb.txt.62	7.06100463867188
WRITE	4kb.txt.63	6.06393814086914
WRITE	4kb.txt.64	6.05893135070801
WRITE	4kb.txt.65	7.01808929443359
WRITE	4kb.txt.66	6.02197647094727
WRITE	4kb.txt.67	6.01387023925781
WRITE	4kb.txt.68	5.97596168518066
WRITE	4kb.txt.69	5.9959888458252
WRITE	4kb.txt.70	6.02507591247559
WRITE	4kb.txt.71	6.05392456054688
WRITE	4kb.txt.72	6.59489631652832
WRITE	4kb.txt.73	6.26707077026367
WRITE	4kb.txt.74	6.15906715393066
WRITE	4kb.txt.75	7.02285766601562
WRITE	4kb.txt.76	6.03294372558594
WRITE	4kb.txt.77	6.87408447265625
WRITE	4kb.txt.78	5.99813461303711
WRITE	4kb.txt.79	6.06703758239746
WRITE	4kb.txt.80	6.27493858337402
WRITE	4kb.txt.81	6.09087944030762
WRITE	4kb.txt.82	5.98907470703125
WRITE	4kb.txt.83	6.03985786437988
WRITE	4kb.txt.84	5.99098205566406
WRITE	4kb.txt.85	6.0429573059082
WRITE	4kb.txt.86	6.12401962280273
WRITE	4kb.txt.87	6.48808479309082
WRITE	4kb.txt.88	5.9819221496582
WRITE	4kb.txt.89	6.02889060974121
WRITE	4kb.txt.90	6.21509552001953
WRITE	4kb.txt.91	6.59298896789551
WRITE	4kb.txt.92	7.95698165893555
WRITE	4kb.txt.93	6.43086433410645
WRITE	4kb.txt.94	6.01005554199219
WRITE	4kb.txt.95	7.06005096435547
WRITE	4kb.txt.96	6.37602806091309
WRITE	4kb.txt.97	6.59394264221191
WRITE	4kb.txt.98	6.23297691345215
WRITE	4kb.txt.99	7.19499588012695
WRITE	4kb.bin.0	7.67707824707031
WRITE	4kb.bin.1	6.00385665893555
WRITE	4kb.bin.2	6.86192512512207
WRITE	4kb.bin.3	7.30204582214355
WRITE	4kb.bin.4	6.09183311462402
WRITE	4kb.bin.5	7.11321830749512
WRITE	4kb.bin.6	6.00099563598633
WRITE	4kb.bin.7	6.67595863342285
WRITE	4kb.bin.8	6.41298294067383
WRITE	4kb.bin.9	5.9661865234375
WRITE	4kb.bin.10	6.05297088623047
WRITE	4kb.bin.11	5.96499443054199
WRITE	4kb.bin.12	5.96904754638672
WRITE	4kb.bin.13	6.18696212768555
WRITE	4kb.bin.14	6.05583190917969
WRITE	4kb.bin.15	6.00504875183105
WRITE	4kb.bin.16	7.28988647460938
WRITE	4kb.bin.17	6.55484199523926
WRITE	4kb.bin.18	6.10208511352539
WRITE	4kb.bin.19	7.65204429626465
WRITE	4kb.bin.20	6.4389705657959
WRITE	4kb.bin.21	6.97088241577148
WRITE	4kb.bin.22	6.05607032775879
WRITE	4kb.bin.23	5.98001480102539
WRITE	4kb.bin.24	6.10995292663574
WRITE	4kb.bin.25	5.97095489501953
WRITE	4kb.bin.26	5.95688819885254
WRITE	4kb.bin.27	6.00194931030273
WRITE	4kb.bin.28	5.9659481048584
WRITE	4kb.bin.29	6.01983070373535
WRITE	4kb.bin.30	6.0420036315918
WRITE	4kb.bin.31	6.02889060974121
WRITE	4kb.bin.32	6.05201721191406
WRITE	4kb.bin.33	5.97500801086426
WRITE	4kb.bin.34	6.0431957244873
WRITE	4kb.bin.35	7.19404220581055
WRITE	4kb.bin.36	6.70790672302246
WRITE	4kb.bin.37	6.03008270263672
WRITE	4kb.bin.38	5.9959888458252
WRITE	4kb.bin.39	6.11090660095215
WRITE	4kb.bin.40	5.99098205566406
WRITE	4kb.bin.41	6.81900978088379
WRITE	4kb.bin.42	6.10804557800293
WRITE	4kb.bin.43	6.82306289672852
WRITE	4kb.bin.44	6.05916976928711
WRITE	4kb.bin.45	6.74605369567871
WRITE	4kb.bin.46	6.73508644104004
WRITE	4kb.bin.47	6.2868595123291
WRITE	4kb.bin.48	6.38580322265625
WRITE	4kb.bin.49	7.34806060791016
WRITE	4kb.bin.50	6.73198699951172
WRITE	4kb.bin.51	6.07609748840332
WRITE	4kb.bin.52	6.01696968078613
WRITE	4kb.bin.53	5.96880912780762
WRITE	4kb.bin.54	6.01696968078613
WRITE	4kb.bin.55	5.99789619445801
WRITE	4kb.bin.56	6.04605674743652
WRITE	4kb.bin.57	6.07705116271973
WRITE	4kb.bin.58	6.05297088623047
WRITE	4kb.bin.59	6.06393814086914
WRITE	4kb.bin.60	6.09207153320312
WRITE	4kb.bin.61	6.08181953430176
WRITE	4kb.bin.62	5.96499443054199
WRITE	4kb.bin.63	6.08491897583008
WRITE	4kb.bin.64	6.9270133972168
WRITE	4kb.bin.65	7.04383850097656
WRITE	4kb.bin.66	7.29513168334961
WRITE	4kb.bin.67	7.23505020141602
WRITE	4kb.bin.68	7.33089447021484
WRITE	4kb.bin.69	6.23488426208496
WRITE	4kb.bin.70	6.67309761047363
WRITE	4kb.bin.71	6.76512718200684
WRITE	4kb.bin.72	5.92899322509766
WRITE	4kb.bin.73	7.15494155883789
WRITE	4kb.bin.74	6.81495666503906
WRITE	4kb.bin.75	6.01506233215332
WRITE	4kb.bin.76	6.1039924621582
WRITE	4kb.bin.77	6.01601600646973
WRITE	4kb.bin.78	5.98788261413574
WRITE	4kb.bin.79	6.02293014526367
WRITE	4kb.bin.80	6.06393814086914
WRITE	4kb.bin.81	5.97596168518066
WRITE	4kb.bin.82	5.97786903381348
WRITE	4kb.bin.83	5.98597526550293
WRITE	4kb.bin.84	5.94210624694824
WRITE	4kb.bin.85	6.01816177368164
WRITE	4kb.bin.86	5.91921806335449
WRITE	4kb.bin.87	6.26111030578613
WRITE	4kb.bin.88	6.76894187927246
WRITE	4kb.bin.89	6.20698928833008
WRITE	4kb.bin.90	7.03001022338867
WRITE	4kb.bin.91	5.9809684753418
WRITE	4kb.bin.92	6.12998008728027
WRITE	4kb.bin.93	7.97891616821289
WRITE	4kb.bin.94	7.04383850097656
WRITE	4kb.bin.95	7.20000267028809
WRITE	4kb.bin.96	7.13491439819336
WRITE	4kb.bin.97	6.10685348510742
WRITE	4kb.bin.98	5.95998764038086
WRITE	4kb.bin.99	6.01601600646973
READ	4kb.txt.0	4.19211387634277
READ	4kb.txt.1	4.19712066650391
READ	4kb.txt.2	4.20093536376953
READ	4kb.txt.3	4.2111873626709
READ	4kb.txt.4	4.21309471130371
READ	4kb.txt.5	4.17399406433105
READ	4kb.txt.6	4.20594215393066
READ	4kb.txt.7	4.21690940856934
READ	4kb.txt.8	4.16207313537598
READ	4kb.txt.9	4.22501564025879
READ	4kb.txt.10	4.24909591674805
READ	4kb.txt.11	4.16898727416992
READ	4kb.txt.12	4.17304039001465
READ	4kb.txt.13	4.20308113098145
READ	4kb.txt.14	4.21595573425293
READ	4kb.txt.15	4.32801246643066
READ	4kb.txt.16	4.15515899658203
READ	4kb.txt.17	4.16016578674316
READ	4kb.txt.18	4.18400764465332
READ	4kb.txt.19	4.18281555175781
READ	4kb.txt.20	4.24385070800781
READ	4kb.txt.21	4.18186187744141
READ	4kb.txt.22	4.22787666320801
READ	4kb.txt.23	4.18901443481445
READ	4kb.txt.24	4.18686866760254
READ	4kb.txt.25	4.20284271240234
READ	4kb.txt.26	4.21905517578125
READ	4kb.txt.27	4.20999526977539
READ	4kb.txt.28	4.20403480529785
READ	4kb.txt.29	4.20403480529785
READ	4kb.txt.30	4.21786308288574
READ	4kb.txt.31	4.26506996154785
READ	4kb.txt.32	4.22406196594238
READ	4kb.txt.33	4.22120094299316
READ	4kb.txt.34	4.22501564025879
READ	4kb.txt.35	4.21690940856934
READ	4kb.txt.36	4.16898727416992
READ	4kb.txt.37	4.21595573425293
READ	4kb.txt.38	4.13990020751953
READ	4kb.txt.39	4.24885749816895
READ	4kb.txt.40	4.14896011352539
READ	4kb.txt.41	4.20689582824707
READ	4kb.txt.42	4.18496131896973
READ	4kb.txt.43	4.19211387634277
READ	4kb.txt.44	4.18710708618164
READ	4kb.txt.45	4.71115112304688
READ	4kb.txt.46	4.18305397033691
READ	4kb.txt.47	4.20498847961426
READ	4kb.txt.48	4.22406196594238
READ	4kb.txt.49	4.18615341186523
READ	4kb.txt.50	4.15992736816406
READ	4kb.txt.51	4.15396690368652
READ	4kb.txt.52	4.19306755065918
READ	4kb.txt.53	4.22906875610352
READ	4kb.txt.54	4.1658878326416
READ	4kb.txt.55	4.17423248291016
READ	4kb.txt.56	4.22286987304688
READ	4kb.txt.57	4.19497489929199
READ	4kb.txt.58	4.15611267089844
READ	4kb.txt.59	4.35614585876465
READ	4kb.txt.60	4.27412986755371
READ	4kb.txt.61	4.20808792114258
READ	4kb.txt.62	4.15897369384766
READ	4kb.txt.63	4.22286987304688
READ	4kb.txt.64	4.16398048400879
READ	4kb.txt.65	4.20713424682617
READ	4kb.txt.66	4.25004959106445
READ	4kb.txt.67	4.24098968505859
READ	4kb.txt.68	4.14800643920898
READ	4kb.txt.69	4.20212745666504
READ	4kb.txt.70	4.20498847961426
READ	4kb.txt.71	4.22501564025879
READ	4kb.txt.72	4.20379638671875
READ	4kb.txt.73	4.18305397033691
READ	4kb.txt.74	4.38404083251953
READ	4kb.txt.75	4.18496131896973
READ	4kb.txt.76	4.22000885009766
READ	4kb.txt.77	4.17089462280273
READ	4kb.txt.78	4.21404838562012
READ	4kb.txt.79	4.17804718017578
READ	4kb.txt.80	4.21786308288574
READ	4kb.txt.81	4.18591499328613
READ	4kb.txt.82	4.18782234191895
READ	4kb.txt.83	4.12607192993164
READ	4kb.txt.84	4.19998168945312
READ	4kb.txt.85	4.19998168945312
READ	4kb.txt.86	4.20212745666504
READ	4kb.txt.87	4.8220157623291
READ	4kb.txt.88	4.180908203125
READ	4kb.txt.89	4.23097610473633
READ	4kb.txt.90	4.14609909057617
READ	4kb.txt.91	4.17304039001465
READ	4kb.txt.92	4.18305397033691
READ	4kb.txt.93	4.18901443481445
READ	4kb.txt.94	4.15587425231934
READ	4kb.txt.95	4.17304039001465
READ	4kb.txt.96	4.1501522064209
READ	4kb.txt.97	4.18400764465332
READ	4kb.txt.98	4.2259693145752
READ	4kb.txt.99	4.23002243041992
READ	4kb.bin.0	4.16707992553711
READ	4kb.bin.1	4.15706634521484
READ	4kb.bin.2	4.24003601074219
READ	4kb.bin.3	4.16183471679688
READ	4kb.bin.4	4.20188903808594
READ	4kb.bin.5	4.17900085449219
READ	4kb.bin.6	4.23192977905273
READ	4kb.bin.7	4.18591499328613
READ	4kb.bin.8	4.19902801513672
READ	4kb.bin.9	4.19998168945312
READ	4kb.bin.10	4.2259693145752
READ	4kb.bin.11	4.15611267089844
READ	4kb.bin.12	4.20403480529785
READ	4kb.bin.13	4.27103042602539
READ	4kb.bin.14	4.20403480529785
READ	4kb.bin.15	4.1801929473877
READ	4kb.bin.16	4.46105003356934
READ	4kb.bin.17	4.42194938659668
READ	4kb.bin.18	4.40597534179688
READ	4kb.bin.19	4.18591499328613
READ	4kb.bin.20	4.20999526977539
READ	4kb.bin.21	4.17113304138184
READ	4kb.bin.22	4.19998168945312
READ	4kb.bin.23	4.23693656921387
READ	4kb.bin.24	4.23002243041992
READ	4kb.bin.25	4.15396690368652
READ	4kb.bin.26	4.18686866760254
READ	4kb.bin.27	4.17685508728027
READ	4kb.bin.28	4.9278736114502
READ	4kb.bin.29	4.17494773864746
READ	4kb.bin.30	4.15205955505371
READ	4kb.bin.31	4.15897369384766
READ	4kb.bin.32	4.1651725769043
READ	4kb.bin.33	4.18400764465332
READ	4kb.bin.34	4.20308113098145
READ	4kb.bin.35	4.16707992553711
READ	4kb.bin.36	4.22787666320801
READ	4kb.bin.37	4.19497489929199
READ	4kb.bin.38	4.23192977905273
READ	4kb.bin.39	4.17709350585938
READ	4kb.bin.40	4.23693656921387
READ	4kb.bin.41	4.24289703369141
READ	4kb.bin.42	4.52780723571777
READ	4kb.bin.43	4.1968822479248
READ	4kb.bin.44	4.18686866760254
READ	4kb.bin.45	4.19402122497559
READ	4kb.bin.46	4.19211387634277
READ	4kb.bin.47	4.18806076049805
READ	4kb.bin.48	4.21380996704102
READ	4kb.bin.49	4.20093536376953
READ	4kb.bin.50	4.24790382385254
READ	4kb.bin.51	4.16302680969238
READ	4kb.bin.52	4.24599647521973
READ	4kb.bin.53	4.15492057800293
READ	4kb.bin.54	4.19878959655762
READ	4kb.bin.55	4.18305397033691
READ	4kb.bin.56	8.56304168701172
READ	4kb.bin.57	4.19116020202637
READ	4kb.bin.58	4.15301322937012
READ	4kb.bin.59	4.20403480529785
READ	4kb.bin.60	4.18877601623535
READ	4kb.bin.61	4.62198257446289
READ	4kb.bin.62	4.24098968505859
READ	4kb.bin.63	4.16922569274902
READ	4kb.bin.64	4.19092178344727
READ	4kb.bin.65	4.20284271240234
READ	4kb.bin.66	4.18496131896973
READ	4kb.bin.67	4.18996810913086
READ	4kb.bin.68	4.64010238647461
READ	4kb.bin.69	4.25004959106445
READ	4kb.bin.70	5.14817237854004
READ	4kb.bin.71	5.16510009765625
READ	4kb.bin.72	4.29487228393555
READ	4kb.bin.73	4.23693656921387
READ	4kb.bin.74	4.27389144897461
READ	4kb.bin.75	4.23622131347656
READ	4kb.bin.76	4.2269229888916
READ	4kb.bin.77	4.26888465881348
READ	4kb.bin.78	4.26387786865234
READ	4kb.bin.79	4.23097610473633
READ	4kb.bin.80	4.24504280090332
READ	4kb.bin.81	4.1968822479248
READ	4kb.bin.82	4.2109489440918
READ	4kb.bin.83	4.29701805114746
READ	4kb.bin.84	4.22906875610352
READ	4kb.bin.85	4.17280197143555
READ	4kb.bin.86	4.84800338745117
READ	4kb.bin.87	4.21690940856934
READ	4kb.bin.88	4.26006317138672
READ	4kb.bin.89	4.26006317138672
READ	4kb.bin.90	4.22096252441406
READ	4kb.bin.91	4.24885749816895
READ	4kb.bin.92	4.241943359375
READ	4kb.bin.93	4.29701805114746
READ	4kb.bin.94	4.22501564025879
READ	4kb.bin.95	4.26101684570312
READ	4kb.bin.96	4.16898727416992
READ	4kb.bin.97	4.22501564025879
READ	4kb.bin.98	4.19712066650391
READ	4kb.bin.99	4.86397743225098
DELETE	4kb.txt.0	3.39794158935547
DELETE	4kb.txt.1	3.2808780670166
DELETE	4kb.txt.2	3.28803062438965
DELETE	4kb.txt.3	3.25703620910645
DELETE	4kb.txt.4	3.21602821350098
DELETE	4kb.txt.5	3.27301025390625
DELETE	4kb.txt.6	3.28302383422852
DELETE	4kb.txt.7	3.29089164733887
DELETE	4kb.txt.8	3.29089164733887
DELETE	4kb.txt.9	3.25918197631836
DELETE	4kb.txt.10	3.23104858398438
DELETE	4kb.txt.11	3.27396392822266
DELETE	4kb.txt.12	3.2808780670166
DELETE	4kb.txt.13	3.29685211181641
DELETE	4kb.txt.14	3.27897071838379
DELETE	4kb.txt.15	3.27110290527344
DELETE	4kb.txt.16	3.19504737854004
DELETE	4kb.txt.17	3.27181816101074
DELETE	4kb.txt.18	3.2649040222168
DELETE	4kb.txt.19	3.25393676757812
DELETE	4kb.txt.20	3.26991081237793
DELETE	4kb.txt.21	3.25107574462891
DELETE	4kb.txt.22	3.1898021697998
DELETE	4kb.txt.23	3.26299667358398
DELETE	4kb.txt.24	3.26800346374512
DELETE	4kb.txt.25	3.26800346374512
DELETE	4kb.txt.26	3.28993797302246
DELETE	4kb.txt.27	3.21793556213379
DELETE	4kb.txt.28	3.21197509765625
DELETE	4kb.txt.29	3.28612327575684
DELETE	4kb.txt.30	3.29113006591797
DELETE	4kb.txt.31	3.27706336975098
DELETE	4kb.txt.32	3.29709053039551
DELETE	4kb.txt.33	3.29399108886719
DELETE	4kb.txt.34	3.23295593261719
DELETE	4kb.txt.35	3.24702262878418
DELETE	4kb.txt.36	3.27301025390625
DELETE	4kb.txt.37	3.27801704406738
DELETE	4kb.txt.38	3.2958984375
DELETE	4kb.txt.39	3.27301025390625
DELETE	4kb.txt.40	3.19194793701172
DELETE	4kb.txt.41	3.25107574462891
DELETE	4kb.txt.42	3.2498836517334
DELETE	4kb.txt.43	3.28588485717773
DELETE	4kb.txt.44	3.27897071838379
DELETE	4kb.txt.45	3.23009490966797
DELETE	4kb.txt.46	3.25417518615723
DELETE	4kb.txt.47	3.25703620910645
DELETE	4kb.txt.48	3.27396392822266
DELETE	4kb.txt.49	3.27301025390625
DELETE	4kb.txt.50	3.29494476318359
DELETE	4kb.txt.51	3.23486328125
DELETE	4kb.txt.52	3.25894355773926
DELETE	4kb.txt.53	3.2649040222168
DELETE	4kb.txt.54	3.29017639160156
DELETE	4kb.txt.55	3.26704978942871
DELETE	4kb.txt.56	3.31211090087891
DELETE	4kb.txt.57	3.20792198181152
DELETE	4kb.txt.58	3.29899787902832
DELETE	4kb.txt.59	3.26800346374512
DELETE	4kb.txt.60	3.26704978942871
DELETE	4kb.txt.61	3.28898429870605
DELETE	4kb.txt.62	3.24702262878418
DELETE	4kb.txt.63	3.21388244628906
DELETE	4kb.txt.64	3.26299667358398
DELETE	4kb.txt.65	3.26108932495117
DELETE	4kb.txt.66	3.28993797302246
DELETE	4kb.txt.67	3.28183174133301
DELETE	4kb.txt.68	3.28302383422852
DELETE	4kb.txt.69	3.21793556213379
DELETE	4kb.txt.70	3.23486328125
DELETE	4kb.txt.71	3.27801704406738
DELETE	4kb.txt.72	3.27587127685547
DELETE	4kb.txt.73	3.29184532165527
DELETE	4kb.txt.74	3.27897071838379
DELETE	4kb.txt.75	3.21698188781738
DELETE	4kb.txt.76	3.26800346374512
DELETE	4kb.txt.77	3.2811164855957
DELETE	4kb.txt.78	3.2660961151123
DELETE	4kb.txt.79	3.30090522766113
DELETE	4kb.txt.80	3.28493118286133
DELETE	4kb.txt.81	3.22413444519043
DELETE	4kb.txt.82	3.27014923095703
DELETE	4kb.txt.83	3.28707695007324
DELETE	4kb.txt.84	3.24702262878418
DELETE	4kb.txt.85	3.25703620910645
DELETE	4kb.txt.86	3.27801704406738
DELETE	4kb.txt.87	3.18098068237305
DELETE	4kb.txt.88	3.24487686157227
DELETE	4kb.txt.89	3.23677062988281
DELETE	4kb.txt.90	3.26895713806152
DELETE	4kb.txt.91	3.27897071838379
DELETE	4kb.txt.92	3.26395034790039
DELETE	4kb.txt.93	3.20816040039062
DELETE	4kb.txt.94	3.26013565063477
DELETE	4kb.txt.95	3.25512886047363
DELETE	4kb.txt.96	3.28612327575684
DELETE	4kb.txt.97	3.24201583862305
DELETE	4kb.txt.98	3.27301025390625
DELETE	4kb.txt.99	3.21412086486816
DELETE	4kb.bin.0	3.27515602111816
DELETE	4kb.bin.1	3.26299667358398
DELETE	4kb.bin.2	3.2658576965332
DELETE	4kb.bin.3	3.28707695007324
DELETE	4kb.bin.4	3.26013565063477
DELETE	4kb.bin.5	3.23796272277832
DELETE	4kb.bin.6	3.27491760253906
DELETE	4kb.bin.7	3.25989723205566
DELETE	4kb.bin.8	3.26108932495117
DELETE	4kb.bin.9	3.29303741455078
DELETE	4kb.bin.10	3.26204299926758
DELETE	4kb.bin.11	3.20696830749512
DELETE	4kb.bin.12	3.28993797302246
DELETE	4kb.bin.13	3.24296951293945
DELETE	4kb.bin.14	3.26800346374512
DELETE	4kb.bin.15	3.26991081237793
DELETE	4kb.bin.16	3.23486328125
DELETE	4kb.bin.17	3.17907333374023
DELETE	4kb.bin.18	3.26108932495117
DELETE	4kb.bin.19	3.26108932495117
DELETE	4kb.bin.20	3.28516960144043
DELETE	4kb.bin.21	3.2651424407959
DELETE	4kb.bin.22	3.2041072845459
DELETE	4kb.bin.23	3.27014923095703
DELETE	4kb.bin.24	3.2651424407959
DELETE	4kb.bin.25	3.31401824951172
DELETE	4kb.bin.26	3.27491760253906
DELETE	4kb.bin.27	3.2651424407959
DELETE	4kb.bin.28	3.23009490966797
DELETE	4kb.bin.29	3.25798988342285
DELETE	4kb.bin.30	3.2799243927002
DELETE	4kb.bin.31	3.28898429870605
DELETE	4kb.bin.32	3.25202941894531
DELETE	4kb.bin.33	3.2961368560791
DELETE	4kb.bin.34	3.21698188781738
DELETE	4kb.bin.35	3.25894355773926
DELETE	4kb.bin.36	3.26299667358398
DELETE	4kb.bin.37	3.25989723205566
DELETE	4kb.bin.38	3.27706336975098
DELETE	4kb.bin.39	3.26418876647949
DELETE	4kb.bin.40	3.2191276550293
DELETE	4kb.bin.41	3.2498836517334
DELETE	4kb.bin.42	3.25393676757812
DELETE	4kb.bin.43	3.26085090637207
DELETE	4kb.bin.44	3.27181816101074
DELETE	4kb.bin.45	3.25798988342285
DELETE	4kb.bin.46	3.22699546813965
DELETE	4kb.bin.47	3.26800346374512
DELETE	4kb.bin.48	3.26013565063477
DELETE	4kb.bin.49	3.25918197631836
DELETE	4kb.bin.50	3.27491760253906
DELETE	4kb.bin.51	3.27086448669434
DELETE	4kb.bin.52	3.20601463317871
DELETE	4kb.bin.53	3.24201583862305
DELETE	4kb.bin.54	3.28993797302246
DELETE	4kb.bin.55	3.27396392822266
DELETE	4kb.bin.56	3.27491760253906
DELETE	4kb.bin.57	3.28183174133301
DELETE	4kb.bin.58	3.24296951293945
DELETE	4kb.bin.59	3.28207015991211
DELETE	4kb.bin.60	3.2801628112793
DELETE	4kb.bin.61	3.29494476318359
DELETE	4kb.bin.62	3.2799243927002
DELETE	4kb.bin.63	3.22484970092773
DELETE	4kb.bin.64	3.21412086486816
DELETE	4kb.bin.65	3.32403182983398
DELETE	4kb.bin.66	3.26895713806152
DELETE	4kb.bin.67	3.27110290527344
DELETE	4kb.bin.68	3.26108932495117
DELETE	4kb.bin.69	3.26108932495117
DELETE	4kb.bin.70	3.20720672607422
DELETE	4kb.bin.71	3.22794914245605
DELETE	4kb.bin.72	3.25894355773926
DELETE	4kb.bin.73	3.26395034790039
DELETE	4kb.bin.74	3.30281257629395
DELETE	4kb.bin.75	3.25798988342285
DELETE	4kb.bin.76	3.23200225830078
DELETE	4kb.bin.77	3.26395034790039
DELETE	4kb.bin.78	3.27205657958984
DELETE	4kb.bin.79	3.28302383422852
DELETE	4kb.bin.80	3.27110290527344
DELETE	4kb.bin.81	3.24797630310059
DELETE	4kb.bin.82	3.20982933044434
DELETE	4kb.bin.83	3.29899787902832
DELETE	4kb.bin.84	3.27897071838379
DELETE	4kb.bin.85	3.26681137084961
DELETE	4kb.bin.86	3.25512886047363
DELETE	4kb.bin.87	3.27491760253906
DELETE	4kb.bin.88	3.23796272277832
DELETE	4kb.bin.89	3.26013565063477
DELETE	4kb.bin.90	3.27801704406738
DELETE	4kb.bin.91	3.29208374023438
DELETE	4kb.bin.92	3.29184532165527
DELETE	4kb.bin.93	3.25918197631836
DELETE	4kb.bin.94	3.23605537414551
DELETE	4kb.bin.95	3.26204299926758
DELETE	4kb.bin.96	3.24797630310059
DELETE	4kb.bin.97	3.28207015991211
DELETE	4kb.bin.98	3.26704978942871
DELETE	4kb.bin.99	3.24010848999023
