WRITE	4kb.txt.0	5.79500198364258
WRITE	4kb.txt.1	5.34486770629883
WRITE	4kb.txt.2	5.31601905822754
WRITE	4kb.txt.3	5.39994239807129
WRITE	4kb.txt.4	5.33008575439453
WRITE	4kb.txt.5	5.34987449645996
WRITE	4kb.txt.6	5.38396835327148
WRITE	4kb.txt.7	5.35297393798828
WRITE	4kb.txt.8	5.31697273254395
WRITE	4kb.txt.9	16.5150165557861
WRITE	4kb.txt.10	5.39588928222656
WRITE	4kb.txt.11	5.39207458496094
WRITE	4kb.txt.12	5.37109375
WRITE	4kb.txt.13	5.34820556640625
WRITE	4kb.txt.14	5.27215003967285
WRITE	4kb.txt.15	5.4168701171875
WRITE	4kb.txt.16	5.36918640136719
WRITE	4kb.txt.17	5.44190406799316
WRITE	4kb.txt.18	5.38492202758789
WRITE	4kb.txt.19	5.30099868774414
WRITE	4kb.txt.20	5.36298751831055
WRITE	4kb.txt.21	5.35011291503906
WRITE	4kb.txt.22	5.36203384399414
WRITE	4kb.txt.23	5.34892082214355
WRITE	4kb.txt.24	5.32293319702148
WRITE	4kb.txt.25	5.31911849975586
WRITE	4kb.txt.26	5.35297393798828
WRITE	4kb.txt.27	5.36489486694336
WRITE	4kb.txt.28	5.39612770080566
WRITE	4kb.txt.29	5.44095039367676
WRITE	4kb.txt.30	5.39898872375488
WRITE	4kb.txt.31	5.34701347351074
WRITE	4kb.txt.32	5.4018497467041
WRITE	4kb.txt.33	5.31411170959473
WRITE	4kb.txt.34	5.32197952270508
WRITE	4kb.txt.35	5.40494918823242
WRITE	4kb.txt.36	5.32102584838867
WRITE	4kb.txt.37	5.25593757629395
WRITE	4kb.txt.38	5.40399551391602
WRITE	4kb.txt.39	5.32889366149902
WRITE	4kb.txt.40	5.37204742431641
WRITE	4kb.txt.41	5.31601905822754
WRITE	4kb.txt.42	5.34605979919434
WRITE	4kb.txt.43	5.45287132263184
WRITE	4kb.txt.44	5.39302825927734
WRITE	4kb.txt.45	5.3560733795166
WRITE	4kb.txt.46	5.32889366149902
WRITE	4kb.txt.47	5.28597831726074
WRITE	4kb.txt.48	5.37395477294922
WRITE	4kb.txt.49	5.48887252807617
WRITE	4kb.txt.50	5.33390045166016
WRITE	4kb.txt.51	5.34915924072266
WRITE	4kb.txt.52	5.39088249206543
WRITE	4kb.txt.53	5.32698631286621
WRITE	4kb.txt.54	5.33008575439453
WRITE	4kb.txt.55	5.37919998168945
WRITE	4kb.txt.56	5.32388687133789
WRITE	4kb.txt.57	5.3558349609375
WRITE	4kb.txt.58	5.35917282104492
WRITE	4kb.txt.59	5.32889366149902
WRITE	4kb.txt.60	5.35798072814941
WRITE	4kb.txt.61	5.34605979919434
WRITE	4kb.txt.62	5.34200668334961
WRITE	4kb.txt.63	5.37300109863281
WRITE	4kb.txt.64	5.33199310302734
WRITE	4kb.txt.65	5.35011291503906
WRITE	4kb.txt.66	5.33199310302734
WRITE	4kb.txt.67	5.32197952270508
WRITE	4kb.txt.68	5.36704063415527
WRITE	4kb.txt.69	5.41210174560547
WRITE	4kb.txt.70	5.31196594238281
WRITE	4kb.txt.71	5.27405738830566
WRITE	4kb.txt.72	5.35106658935547
WRITE	4kb.txt.73	5.33318519592285
WRITE	4kb.txt.74	5.37014007568359
WRITE	4kb.txt.75	5.31196594238281
WRITE	4kb.txt.76	5.36799430847168
WRITE	4kb.txt.77	5.36894798278809
WRITE	4kb.txt.78	5.30695915222168
WRITE	4kb.txt.79	5.37514686584473
WRITE	4kb.txt.80	5.36584854125977
WRITE	4kb.txt.81	5.29289245605469
WRITE	4kb.txt.82	5.3560733795166
WRITE	4kb.txt.83	5.38086891174316
WRITE	4kb.txt.84	5.42116165161133
WRITE	4kb.txt.85	5.39398193359375
WRITE	4kb.txt.86	5.40280342102051
WRITE	4kb.txt.87	5.32317161560059
WRITE	4kb.txt.88	5.30219078063965
WRITE	4kb.txt.89	5.39112091064453
WRITE	4kb.txt.90	5.30695915222168
WRITE	4kb.txt.91	5.37800788879395
WRITE	4kb.txt.92	5.34796714782715
WRITE	4kb.txt.93	5.37395477294922
WRITE	4kb.txt.94	5.91611862182617
WRITE	4kb.txt.95	5.33890724182129
WRITE	4kb.txt.96	5.33390045166016
WRITE	4kb.txt.97	5.42998313903809
WRITE	4kb.txt.98	5.99503517150879
WRITE	4kb.txt.99	5.5999755859375
WRITE	4kb.bin.0	5.35988807678223
WRITE	4kb.bin.1	5.3250789642334
WRITE	4kb.bin.2	5.37991523742676
WRITE	4kb.bin.3	5.36513328552246
WRITE	4kb.bin.4	5.2790641784668
WRITE	4kb.bin.5	5.37896156311035
WRITE	4kb.bin.6	5.37991523742676
WRITE	4kb.bin.7	5.4011344909668
WRITE	4kb.bin.8	5.31291961669922
WRITE	4kb.bin.9	5.37300109863281
WRITE	4kb.bin.10	5.37395477294922
WRITE	4kb.bin.11	5.33008575439453
WRITE	4kb.bin.12	5.34200668334961
WRITE	4kb.bin.13	5.31196594238281
WRITE	4kb.bin.14	5.29789924621582
WRITE	4kb.bin.15	5.32102584838867
WRITE	4kb.bin.16	5.35202026367188
WRITE	4kb.bin.17	5.35798072814941
WRITE	4kb.bin.18	5.30695915222168
WRITE	4kb.bin.19	5.36894798278809
WRITE	4kb.bin.20	5.31792640686035
WRITE	4kb.bin.21	5.33318519592285
WRITE	4kb.bin.22	5.43093681335449
WRITE	4kb.bin.23	5.37800788879395
WRITE	4kb.bin.24	5.4008960723877
WRITE	4kb.bin.25	5.31506538391113
WRITE	4kb.bin.26	5.34796714782715
WRITE	4kb.bin.27	5.33890724182129
WRITE	4kb.bin.28	5.35893440246582
WRITE	4kb.bin.29	5.32698631286621
WRITE	4kb.bin.30	5.40494918823242
WRITE	4kb.bin.31	5.34296035766602
WRITE	4kb.bin.32	5.34796714782715
WRITE	4kb.bin.33	5.40399551391602
WRITE	4kb.bin.34	5.36894798278809
WRITE	4kb.bin.35	5.36108016967773
WRITE	4kb.bin.36	5.35297393798828
WRITE	4kb.bin.37	5.46383857727051
WRITE	4kb.bin.38	5.63693046569824
WRITE	4kb.bin.39	5.43904304504395
WRITE	4kb.bin.40	5.3560733795166
WRITE	4kb.bin.41	5.41090965270996
WRITE	4kb.bin.42	5.3250789642334
WRITE	4kb.bin.43	5.29289245605469
WRITE	4kb.bin.44	5.39398193359375
WRITE	4kb.bin.45	5.46503067016602
WRITE	4kb.bin.46	6.011962890625
WRITE	4kb.bin.47	5.4781436920166
WRITE	4kb.bin.48	5.42616844177246
WRITE	4kb.bin.49	5.43212890625
WRITE	4kb.bin.50	5.34391403198242
WRITE	4kb.bin.51	5.27691841125488
WRITE	4kb.bin.52	6.58416748046875
WRITE	4kb.bin.53	5.38897514343262
WRITE	4kb.bin.54	5.34987449645996
WRITE	4kb.bin.55	5.30815124511719
WRITE	4kb.bin.56	5.42521476745605
WRITE	4kb.bin.57	5.2950382232666
WRITE	4kb.bin.58	5.36704063415527
WRITE	4kb.bin.59	5.3400993347168
WRITE	4kb.bin.60	5.34987449645996
WRITE	4kb.bin.61	5.38206100463867
WRITE	4kb.bin.62	5.38897514343262
WRITE	4kb.bin.63	5.38301467895508
WRITE	4kb.bin.64	5.34391403198242
WRITE	4kb.bin.65	5.41591644287109
WRITE	4kb.bin.66	5.33318519592285
WRITE	4kb.bin.67	5.32102584838867
WRITE	4kb.bin.68	5.35702705383301
WRITE	4kb.bin.69	5.35321235656738
WRITE	4kb.bin.70	5.30004501342773
WRITE	4kb.bin.71	5.35297393798828
WRITE	4kb.bin.72	5.38396835327148
WRITE	4kb.bin.73	5.39278984069824
WRITE	4kb.bin.74	5.41400909423828
WRITE	4kb.bin.75	5.35702705383301
WRITE	4kb.bin.76	5.39302825927734
WRITE	4kb.bin.77	5.3260326385498
WRITE	4kb.bin.78	5.37109375
WRITE	4kb.bin.79	5.39493560791016
WRITE	4kb.bin.80	5.37705421447754
WRITE	4kb.bin.81	5.3250789642334
WRITE	4kb.bin.82	5.41305541992188
WRITE	4kb.bin.83	5.39207458496094
WRITE	4kb.bin.84	5.3400993347168
WRITE	4kb.bin.85	5.41496276855469
WRITE	4kb.bin.86	5.33199310302734
WRITE	4kb.bin.87	5.50508499145508
WRITE	4kb.bin.88	5.3551197052002
WRITE	4kb.bin.89	5.29289245605469
WRITE	4kb.bin.90	5.35106658935547
WRITE	4kb.bin.91	5.29384613037109
WRITE	4kb.bin.92	5.27811050415039
WRITE	4kb.bin.93	5.45620918273926
WRITE	4kb.bin.94	5.43379783630371
WRITE	4kb.bin.95	5.32102584838867
WRITE	4kb.bin.96	5.35702705383301
WRITE	4kb.bin.97	5.3250789642334
WRITE	4kb.bin.98	5.34820556640625
WRITE	4kb.bin.99	5.35821914672852
READ	4kb.txt.0	3.65686416625977
READ	4kb.txt.1	3.73983383178711
READ	4kb.txt.2	4.30989265441895
READ	4kb.txt.3	4.21905517578125
READ	4kb.txt.4	3.80301475524902
READ	4kb.txt.5	5.42998313903809
READ	4kb.txt.6	3.78012657165527
READ	4kb.txt.7	3.83591651916504
READ	4kb.txt.8	3.83281707763672
READ	4kb.txt.9	3.7839412689209
READ	4kb.txt.10	3.77607345581055
READ	4kb.txt.11	4.20188903808594
READ	4kb.txt.12	3.77583503723145
READ	4kb.txt.13	5.65910339355469
READ	4kb.txt.14	4.09889221191406
READ	4kb.txt.15	3.89695167541504
READ	4kb.txt.16	3.96490097045898
READ	4kb.txt.17	3.8001537322998
READ	4kb.txt.18	3.78894805908203
READ	4kb.txt.19	3.77798080444336
READ	4kb.txt.20	4.29606437683105
READ	4kb.txt.21	4.02116775512695
READ	4kb.txt.22	3.93915176391602
READ	4kb.txt.23	3.80587577819824
READ	4kb.txt.24	3.73411178588867
READ	4kb.txt.25	3.96418571472168
READ	4kb.txt.26	3.83496284484863
READ	4kb.txt.27	3.90005111694336
READ	4kb.txt.28	3.80897521972656
READ	4kb.txt.29	4.4400691986084
READ	4kb.txt.30	5.2490234375
READ	4kb.txt.31	23.4410762786865
READ	4kb.txt.32	4.19116020202637
READ	4kb.txt.33	4.03690338134766
READ	4kb.txt.34	3.92794609069824
READ	4kb.txt.35	5.70392608642578
READ	4kb.txt.36	4.02688980102539
READ	4kb.txt.37	3.77392768859863
READ	4kb.txt.38	3.87787818908691
READ	4kb.txt.39	5.29193878173828
READ	4kb.txt.40	4.11009788513184
READ	4kb.txt.41	3.90291213989258
READ	4kb.txt.42	3.91793251037598
READ	4kb.txt.43	3.97896766662598
READ	4kb.txt.44	4.0278434753418
READ	4kb.txt.45	4.62889671325684
READ	4kb.txt.46	3.89003753662109
READ	4kb.txt.47	4.08101081848145
READ	4kb.txt.48	5.78904151916504
READ	4kb.txt.49	3.97419929504395
READ	4kb.txt.50	3.87811660766602
READ	4kb.txt.51	4.06503677368164
READ	4kb.txt.52	3.84187698364258
READ	4kb.txt.53	4.03904914855957
READ	4kb.txt.54	5.5391788482666
READ	4kb.txt.55	3.92985343933105
READ	4kb.txt.56	3.96418571472168
READ	4kb.txt.57	4.0280818939209
READ	4kb.txt.58	4.28414344787598
READ	4kb.txt.59	4.20308113098145
READ	4kb.txt.60	4.27079200744629
READ	4kb.txt.61	4.97603416442871
READ	4kb.txt.62	4.3489933013916
READ	4kb.txt.63	3.91387939453125
READ	4kb.txt.64	3.82900238037109
READ	4kb.txt.65	3.79419326782227
READ	4kb.txt.66	6.01387023925781
READ	4kb.txt.67	4.1499137878418
READ	4kb.txt.68	3.91888618469238
READ	4kb.txt.69	3.78513336181641
READ	4kb.txt.70	3.78799438476562
READ	4kb.txt.71	3.81803512573242
READ	4kb.txt.72	8.4998607635498
READ	4kb.txt.73	4.27079200744629
READ	4kb.txt.74	3.8912296295166
READ	4kb.txt.75	3.84402275085449
READ	4kb.txt.76	3.81207466125488
READ	4kb.txt.77	4.43506240844727
READ	4kb.txt.78	5.72681427001953
READ	4kb.txt.79	4.13894653320312
READ	4kb.txt.80	5.29694557189941
READ	4kb.txt.81	3.76701354980469
READ	4kb.txt.82	3.71289253234863
READ	4kb.txt.83	4.00280952453613
READ	4kb.txt.84	16.5581703186035
READ	4kb.txt.85	4.52399253845215
READ	4kb.txt.86	3.93486022949219
READ	4kb.txt.87	6.44683837890625
READ	4kb.txt.88	4.06289100646973
READ	4kb.txt.89	3.81088256835938
READ	4kb.txt.90	3.90911102294922
READ	4kb.txt.91	3.80396842956543
READ	4kb.txt.92	7.94792175292969
READ	4kb.txt.93	3.73411178588867
READ	4kb.txt.94	3.73482704162598
READ	4kb.txt.95	4.77004051208496
READ	4kb.txt.96	4.63509559631348
READ	4kb.txt.97	5.90085983276367
READ	4kb.txt.98	4.12511825561523
READ	4kb.txt.99	3.88002395629883
READ	4kb.bin.0	3.76105308532715
READ	4kb.bin.1	5.03301620483398
READ	4kb.bin.2	4.1511058807373
READ	4kb.bin.3	5.92207908630371
READ	4kb.bin.4	4.25100326538086
READ	4kb.bin.5	4.50396537780762
READ	4kb.bin.6	4.02402877807617
READ	4kb.bin.7	4.83107566833496
READ	4kb.bin.8	6.75106048583984
READ	4kb.bin.9	4.83202934265137
READ	4kb.bin.10	4.1649341583252
READ	4kb.bin.11	3.96013259887695
READ	4kb.bin.12	26.2219905853271
READ	4kb.bin.13	4.24408912658691
READ	4kb.bin.14	5.09190559387207
READ	4kb.bin.15	4.52709197998047
READ	4kb.bin.16	3.88979911804199
READ	4kb.bin.17	3.80110740661621
READ	4kb.bin.18	3.77678871154785
READ	4kb.bin.19	3.77106666564941
READ	4kb.bin.20	6.80804252624512
READ	4kb.bin.21	3.68404388427734
READ	4kb.bin.22	3.6470890045166
READ	4kb.bin.23	3.73482704162598
READ	4kb.bin.24	3.76105308532715
READ	4kb.bin.25	3.7531852722168
READ	4kb.bin.26	7.14707374572754
READ	4kb.bin.27	4.058837890625
READ	4kb.bin.28	3.79180908203125
READ	4kb.bin.29	3.74007225036621
READ	4kb.bin.30	3.73196601867676
READ	4kb.bin.31	5.76496124267578
READ	4kb.bin.32	9.34100151062012
READ	4kb.bin.33	3.9370059967041
READ	4kb.bin.34	4.1658878326416
READ	4kb.bin.35	6.29186630249023
READ	4kb.bin.36	4.44698333740234
READ	4kb.bin.37	4.6989917755127
READ	4kb.bin.38	4.01687622070312
READ	4kb.bin.39	3.76796722412109
READ	4kb.bin.40	7.60507583618164
READ	4kb.bin.41	4.38499450683594
READ	4kb.bin.42	3.94797325134277
READ	4kb.bin.43	3.85403633117676
READ	4kb.bin.44	3.98015975952148
READ	4kb.bin.45	6.39104843139648
READ	4kb.bin.46	4.11200523376465
READ	4kb.bin.47	3.86595726013184
READ	4kb.bin.48	3.74507904052734
READ	4kb.bin.49	3.73101234436035
READ	4kb.bin.50	3.77416610717773
READ	4kb.bin.51	5.84506988525391
READ	4kb.bin.52	4.23908233642578
READ	4kb.bin.53	3.89409065246582
READ	4kb.bin.54	3.97181510925293
READ	4kb.bin.55	3.78108024597168
READ	4kb.bin.56	3.77202033996582
READ	4kb.bin.57	5.43713569641113
READ	4kb.bin.58	4.11391258239746
READ	4kb.bin.59	4.06098365783691
READ	4kb.bin.60	4.52303886413574
READ	4kb.bin.61	4.14609909057617
READ	4kb.bin.62	3.7999153137207
READ	4kb.bin.63	28.4099578857422
READ	4kb.bin.64	4.13608551025391
READ	4kb.bin.65	3.74698638916016
READ	4kb.bin.66	3.74889373779297
READ	4kb.bin.67	4.17184829711914
READ	4kb.bin.68	4.25505638122559
READ	4kb.bin.69	9.43589210510254
READ	4kb.bin.70	4.11009788513184
READ	4kb.bin.71	5.19609451293945
READ	4kb.bin.72	4.59098815917969
READ	4kb.bin.73	3.69501113891602
READ	4kb.bin.74	5.71203231811523
READ	4kb.bin.75	3.70907783508301
READ	4kb.bin.76	3.77583503723145
READ	4kb.bin.77	4.14395332336426
READ	4kb.bin.78	4.09102439880371
READ	4kb.bin.79	5.92994689941406
READ	4kb.bin.80	4.1201114654541
READ	4kb.bin.81	4.10079956054688
READ	4kb.bin.82	4.31513786315918
READ	4kb.bin.83	4.98700141906738
READ	4kb.bin.84	7.08889961242676
READ	4kb.bin.85	4.65297698974609
READ	4kb.bin.86	4.34994697570801
READ	4kb.bin.87	4.12416458129883
READ	4kb.bin.88	3.77488136291504
READ	4kb.bin.89	3.80992889404297
READ	4kb.bin.90	7.81512260437012
READ	4kb.bin.91	3.74984741210938
READ	4kb.bin.92	4.09507751464844
READ	4kb.bin.93	4.70685958862305
READ	4kb.bin.94	5.01203536987305
READ	4kb.bin.95	5.05518913269043
READ	4kb.bin.96	4.85610961914062
READ	4kb.bin.97	3.9830207824707
READ	4kb.bin.98	4.0740966796875
READ	4kb.bin.99	4.62889671325684
DELETE	4kb.txt.0	4.15611267089844
DELETE	4kb.txt.1	2.94709205627441
DELETE	4kb.txt.2	2.91109085083008
DELETE	4kb.txt.3	2.86293029785156
DELETE	4kb.txt.4	2.90703773498535
DELETE	4kb.txt.5	2.89797782897949
DELETE	4kb.txt.6	2.93898582458496
DELETE	4kb.txt.7	2.84099578857422
DELETE	4kb.txt.8	2.92086601257324
DELETE	4kb.txt.9	3.44014167785645
DELETE	4kb.txt.10	3.24511528015137
DELETE	4kb.txt.11	2.89297103881836
DELETE	4kb.txt.12	2.87413597106934
DELETE	4kb.txt.13	2.91609764099121
DELETE	4kb.txt.14	2.9149055480957
DELETE	4kb.txt.15	2.87890434265137
DELETE	4kb.txt.16	2.85696983337402
DELETE	4kb.txt.17	2.90608406066895
DELETE	4kb.txt.18	3.11589241027832
DELETE	4kb.txt.19	4.23502922058105
DELETE	4kb.txt.20	3.32498550415039
DELETE	4kb.txt.21	2.96401977539062
DELETE	4kb.txt.22	2.97212600708008
DELETE	4kb.txt.23	3.52811813354492
DELETE	4kb.txt.24	3.54504585266113
DELETE	4kb.txt.25	3.46994400024414
DELETE	4kb.txt.26	3.30591201782227
DELETE	4kb.txt.27	2.87914276123047
DELETE	4kb.txt.28	2.9900074005127
DELETE	4kb.txt.29	2.92181968688965
DELETE	4kb.txt.30	2.92706489562988
DELETE	4kb.txt.31	2.89297103881836
DELETE	4kb.txt.32	2.87485122680664
DELETE	4kb.txt.33	3.08990478515625
DELETE	4kb.txt.34	2.92396545410156
DELETE	4kb.txt.35	2.90989875793457
DELETE	4kb.txt.36	2.87604331970215
DELETE	4kb.txt.37	2.96711921691895
DELETE	4kb.txt.38	2.94685363769531
DELETE	4kb.txt.39	3.47399711608887
DELETE	4kb.txt.40	3.50213050842285
DELETE	4kb.txt.41	3.63302230834961
DELETE	4kb.txt.42	3.85594367980957
DELETE	4kb.txt.43	3.44204902648926
DELETE	4kb.txt.44	3.13210487365723
DELETE	4kb.txt.45	2.97117233276367
DELETE	4kb.txt.46	3.41987609863281
DELETE	4kb.txt.47	3.44705581665039
DELETE	4kb.txt.48	3.96180152893066
DELETE	4kb.txt.49	2.87795066833496
DELETE	4kb.txt.50	3.01408767700195
DELETE	4kb.txt.51	3.34787368774414
DELETE	4kb.txt.52	3.12709808349609
DELETE	4kb.txt.53	2.95495986938477
DELETE	4kb.txt.54	2.89583206176758
DELETE	4kb.txt.55	2.94113159179688
DELETE	4kb.txt.56	4.17280197143555
DELETE	4kb.txt.57	3.02791595458984
DELETE	4kb.txt.58	2.92205810546875
DELETE	4kb.txt.59	2.84814834594727
DELETE	4kb.txt.60	2.90012359619141
DELETE	4kb.txt.61	2.90799140930176
DELETE	4kb.txt.62	2.88987159729004
DELETE	4kb.txt.63	2.85887718200684
DELETE	4kb.txt.64	3.12399864196777
DELETE	4kb.txt.65	3.39412689208984
DELETE	4kb.txt.66	3.9060115814209
DELETE	4kb.txt.67	3.25608253479004
DELETE	4kb.txt.68	3.00097465515137
DELETE	4kb.txt.69	2.92491912841797
DELETE	4kb.txt.70	3.83090972900391
DELETE	4kb.txt.71	2.95901298522949
DELETE	4kb.txt.72	2.93707847595215
DELETE	4kb.txt.73	3.00407409667969
DELETE	4kb.txt.74	3.13806533813477
DELETE	4kb.txt.75	3.41105461120605
DELETE	4kb.txt.76	3.03196907043457
DELETE	4kb.txt.77	3.3879280090332
DELETE	4kb.txt.78	3.49307060241699
DELETE	4kb.txt.79	2.96616554260254
DELETE	4kb.txt.80	2.87389755249023
DELETE	4kb.txt.81	2.95901298522949
DELETE	4kb.txt.82	2.97784805297852
DELETE	4kb.txt.83	2.93993949890137
DELETE	4kb.txt.84	2.86102294921875
DELETE	4kb.txt.85	2.95519828796387
DELETE	4kb.txt.86	3.37600708007812
DELETE	4kb.txt.87	3.62706184387207
DELETE	4kb.txt.88	3.58891487121582
DELETE	4kb.txt.89	4.18400764465332
DELETE	4kb.txt.90	4.14299964904785
DELETE	4kb.txt.91	3.24392318725586
DELETE	4kb.txt.92	3.81302833557129
DELETE	4kb.txt.93	3.48901748657227
DELETE	4kb.txt.94	3.47304344177246
DELETE	4kb.txt.95	3.64804267883301
DELETE	4kb.txt.96	3.87310981750488
DELETE	4kb.txt.97	3.19099426269531
DELETE	4kb.txt.98	3.70097160339355
DELETE	4kb.txt.99	3.94892692565918
DELETE	4kb.bin.0	4.3179988861084
DELETE	4kb.bin.1	4.00519371032715
DELETE	4kb.bin.2	4.23407554626465
DELETE	4kb.bin.3	4.16707992553711
DELETE	4kb.bin.4	3.85093688964844
DELETE	4kb.bin.5	3.62300872802734
DELETE	4kb.bin.6	4.49013710021973
DELETE	4kb.bin.7	5.01394271850586
DELETE	4kb.bin.8	4.86111640930176
DELETE	4kb.bin.9	4.55999374389648
DELETE	4kb.bin.10	4.53901290893555
DELETE	4kb.bin.11	4.71186637878418
DELETE	4kb.bin.12	4.68087196350098
DELETE	4kb.bin.13	4.32515144348145
DELETE	4kb.bin.14	4.84991073608398
DELETE	4kb.bin.15	4.65703010559082
DELETE	4kb.bin.16	4.49681282043457
DELETE	4kb.bin.17	4.70423698425293
DELETE	4kb.bin.18	4.54115867614746
DELETE	4kb.bin.19	4.51397895812988
DELETE	4kb.bin.20	4.55307960510254
DELETE	4kb.bin.21	3.52001190185547
DELETE	4kb.bin.22	4.25910949707031
DELETE	4kb.bin.23	4.39095497131348
DELETE	4kb.bin.24	4.66513633728027
DELETE	4kb.bin.25	3.48687171936035
DELETE	4kb.bin.26	4.01711463928223
DELETE	4kb.bin.27	4.50801849365234
DELETE	4kb.bin.28	4.2569637298584
DELETE	4kb.bin.29	4.2719841003418
DELETE	4kb.bin.30	3.79395484924316
DELETE	4kb.bin.31	3.75699996948242
DELETE	4kb.bin.32	3.59606742858887
DELETE	4kb.bin.33	3.1287670135498
DELETE	4kb.bin.34	3.75699996948242
DELETE	4kb.bin.35	4.09317016601562
DELETE	4kb.bin.36	4.547119140625
DELETE	4kb.bin.37	4.77886199951172
DELETE	4kb.bin.38	3.89909744262695
DELETE	4kb.bin.39	4.3480396270752
DELETE	4kb.bin.40	3.0667781829834
DELETE	4kb.bin.41	4.11295890808105
DELETE	4kb.bin.42	3.77297401428223
DELETE	4kb.bin.43	4.58312034606934
DELETE	4kb.bin.44	3.8149356842041
DELETE	4kb.bin.45	3.42297554016113
DELETE	4kb.bin.46	3.67116928100586
DELETE	4kb.bin.47	3.45897674560547
DELETE	4kb.bin.48	3.30996513366699
DELETE	4kb.bin.49	4.16088104248047
DELETE	4kb.bin.50	3.48806381225586
DELETE	4kb.bin.51	3.03101539611816
DELETE	4kb.bin.52	2.97999382019043
DELETE	4kb.bin.53	2.90608406066895
DELETE	4kb.bin.54	3.44109535217285
DELETE	4kb.bin.55	3.01814079284668
DELETE	4kb.bin.56	3.03006172180176
DELETE	4kb.bin.57	4.03499603271484
DELETE	4kb.bin.58	3.50594520568848
DELETE	4kb.bin.59	3.20100784301758
DELETE	4kb.bin.60	2.87985801696777
DELETE	4kb.bin.61	2.86006927490234
DELETE	4kb.bin.62	3.09610366821289
DELETE	4kb.bin.63	3.28803062438965
DELETE	4kb.bin.64	3.53717803955078
DELETE	4kb.bin.65	2.90703773498535
DELETE	4kb.bin.66	2.91180610656738
DELETE	4kb.bin.67	3.18408012390137
DELETE	4kb.bin.68	3.14807891845703
DELETE	4kb.bin.69	3.28803062438965
DELETE	4kb.bin.70	3.05986404418945
DELETE	4kb.bin.71	2.89797782897949
DELETE	4kb.bin.72	3.72099876403809
DELETE	4kb.bin.73	3.34906578063965
DELETE	4kb.bin.74	2.96115875244141
DELETE	4kb.bin.75	2.9749870300293
DELETE	4kb.bin.76	3.53503227233887
DELETE	4kb.bin.77	3.89289855957031
DELETE	4kb.bin.78	3.36217880249023
DELETE	4kb.bin.79	3.87310981750488
DELETE	4kb.bin.80	3.18217277526855
DELETE	4kb.bin.81	3.13496589660645
DELETE	4kb.bin.82	2.98500061035156
DELETE	4kb.bin.83	3.40414047241211
DELETE	4kb.bin.84	3.86810302734375
DELETE	4kb.bin.85	3.69882583618164
DELETE	4kb.bin.86	3.26299667358398
DELETE	4kb.bin.87	3.0670166015625
DELETE	4kb.bin.88	2.94995307922363
DELETE	4kb.bin.89	3.84116172790527
DELETE	4kb.bin.90	3.89599800109863
DELETE	4kb.bin.91	3.3881664276123
DELETE	4kb.bin.92	2.88915634155273
DELETE	4kb.bin.93	3.11517715454102
DELETE	4kb.bin.94	3.21292877197266
DELETE	4kb.bin.95	3.0829906463623
DELETE	4kb.bin.96	2.99310684204102
DELETE	4kb.bin.97	2.8998851776123
DELETE	4kb.bin.98	2.94995307922363
DELETE	4kb.bin.99	3.30209732055664
